<?xml version="1.0" encoding="UTF-8"?>
<!-- Generated by org.testng.reporters.JUnitReportReporter -->
<testsuite skipped="0" hostname="HP" name="com.qa.testcases.LoginPageTest" tests="1" failures="0" timestamp="2021-03-08T09:39:36 IST" time="0.021" errors="0">
  <testcase name="TestcaseLogin" time="0.021" classname="com.qa.testcases.LoginPageTest"/>
  <system-out/>
</testsuite> <!-- com.qa.testcases.LoginPageTest -->
